Build started 2015-11-22 11:27:02.
     1>Project "D:\studia\III_rok\MMWD\projekt\projekt\projekt.vcxproj" on node 2 (Build target(s)).
     1>ClCompile:
         C:\Program Files (x86)\Microsoft Visual Studio 12.0\VC\bin\CL.exe /c /ZI /nologo /W3 /WX- /Od /Oy- /D WIN32 /D _DEBUG /D _CONSOLE /D _LIB /D _UNICODE /D UNICODE /Gm /EHsc /RTC1 /MDd /GS /fp:precise /Zc:wchar_t /Zc:forScope /Fo"Debug\\" /Fd"Debug\vc120.pdb" /Gd /TP /analyze- /errorReport:prompt funkcje.cpp main.cpp plik.cpp
         plik.cpp
     1>d:\studia\iii_rok\mmwd\projekt\projekt\plik.cpp(123): warning C4018: '<' : signed/unsigned mismatch
     1>d:\studia\iii_rok\mmwd\projekt\projekt\plik.cpp(133): warning C4018: '<' : signed/unsigned mismatch
         main.cpp
     1>d:\studia\iii_rok\mmwd\projekt\projekt\main.cpp(12): warning C4244: 'argument' : conversion from 'time_t' to 'unsigned int', possible loss of data
         funkcje.cpp
     1>d:\studia\iii_rok\mmwd\projekt\projekt\funkcje.cpp(14): warning C4018: '<' : signed/unsigned mismatch
     1>d:\studia\iii_rok\mmwd\projekt\projekt\funkcje.cpp(48): warning C4018: '<' : signed/unsigned mismatch
     1>d:\studia\iii_rok\mmwd\projekt\projekt\funkcje.cpp(76): warning C4018: '<' : signed/unsigned mismatch
         Generating Code...
       Link:
         C:\Program Files (x86)\Microsoft Visual Studio 12.0\VC\bin\link.exe /ERRORREPORT:PROMPT /OUT:"D:\studia\III_rok\MMWD\projekt\Debug\projekt.exe" /INCREMENTAL /NOLOGO kernel32.lib user32.lib gdi32.lib winspool.lib comdlg32.lib advapi32.lib shell32.lib ole32.lib oleaut32.lib uuid.lib odbc32.lib odbccp32.lib /MANIFEST /MANIFESTUAC:"level='asInvoker' uiAccess='false'" /manifest:embed /DEBUG /PDB:"D:\studia\III_rok\MMWD\projekt\Debug\projekt.pdb" /SUBSYSTEM:CONSOLE /TLBID:1 /DYNAMICBASE /NXCOMPAT /IMPLIB:"D:\studia\III_rok\MMWD\projekt\Debug\projekt.lib" /MACHINE:X86 Debug\ele_tabo.obj
         Debug\funkcje.obj
         Debug\macierz.obj
         Debug\main.obj
         Debug\plik.obj
         Debug\sklep.obj
         projekt.vcxproj -> D:\studia\III_rok\MMWD\projekt\Debug\projekt.exe
     1>Done Building Project "D:\studia\III_rok\MMWD\projekt\projekt\projekt.vcxproj" (Build target(s)).

Build succeeded.

Time Elapsed 00:00:04.72
